#
# A fatal error has been detected by the Java Runtime Environment:
#
#  SIGBUS (0x7) at pc=0x00007f89a03c3d2b, pid=3013, tid=3013
#
# JRE version: Java(TM) SE Runtime Environment (11.0.5+10) (build 11.0.5+10-LTS)
# Java VM: Java HotSpot(TM) 64-Bit Server VM (11.0.5+10-LTS, mixed mode, tiered, compressed oops, g1 gc, linux-amd64)
# Problematic frame:
# C  [libpthread.so.0+0x8d2b]  __GI___pthread_timedjoin_ex+0x17b
#
# Core dump will be written. Default location: Core dumps may be processed with "/usr/share/apport/apport %p %s %c %d %P" (or dumping to /home/p_rousse/Documents/chatsystem/core.3013)
#
# If you would like to submit a bug report, please visit:
#   http://bugreport.java.com/bugreport/crash.jsp
#

---------------  S U M M A R Y ------------

Command Line: -Dfile.encoding=UTF-8 --module-path=/home/p_rousse/Documents/chatsystem/bin -Djdk.module.main=ChatSystem ChatSystem/src.ChatSystem

Host: Intel(R) Core(TM) i7-8700 CPU @ 3.20GHz, 12 cores, 15G, Ubuntu 18.04.3 LTS
Time: Fri Nov 29 17:26:21 2019 CET elapsed time: 88 seconds (0d 0h 1m 28s)

---------------  T H R E A D  ---------------

Current thread is native thread

Stack: [0x00007fff8531b000,0x00007fff85b19000],  sp=0x00007fff85b14a50,  free space=8166k
Native frames: (J=compiled Java code, A=aot compiled Java code, j=interpreted, Vv=VM code, C=native code)
C  [libpthread.so.0+0x8d2b]  __GI___pthread_timedjoin_ex+0x17b


siginfo: si_signo: 7 (SIGBUS), si_code: 0 (SI_USER), si_pid: 2214, si_uid: 32776

Register to memory mapping:

RAX=
[error occurred during error reporting (printing register info), id 0xb, SIGSEGV (0xb) at pc=0x00007f899f4f1747]

Registers:
RAX=0x00000000000000ca, RBX=0x00007f89a09de700, RCX=0x00007f89a03c3d2d, RDX=0x0000000000000bcc
RSP=0x00007fff85b14a50, RBP=0x00007fff85b14ac8, RSI=0x0000000000000000, RDI=0x00007f89a09de9d0
R8 =0x00000000000000ca, R9 =0x00007f89a09de9d0, R10=0x0000000000000000, R11=0x0000000000000246
R12=0x0000000000000000, R13=0x00007fff85b14a60, R14=0x0000000000000000, R15=0x0000000000000000
RIP=0x00007f89a03c3d2b, EFLAGS=0x0000000000000246, CSGSFS=0x002b000000000033, ERR=0x0000000000000004
  TRAPNO=0x000000000000000e

Top of Stack: (sp=0x00007fff85b14a50)
0x00007fff85b14a50:   99d22d6fd27d2dd7 993e19aec4272dd7
0x00007fff85b14a60:   00007f89a03c3b90 00007f89a09ded28
0x00007fff85b14a70:   99d22d6fd5bd2dd7 0000000000000000
0x00007fff85b14a80:   00000000ffffffff 2a8199a520f3c100 

Instructions: (pc=0x00007f89a03c3d2b)
0x00007f89a03c3d0b:   02 00 00 4c 8d 8b d0 02 00 00 41 b8 ca 00 00 00
0x00007f89a03c3d1b:   85 d2 74 cc 90 45 31 d2 31 f6 4c 89 cf 44 89 c0
0x00007f89a03c3d2b:   0f 05 8b 93 d0 02 00 00 85 d2 75 e9 eb b2 0f 1f
0x00007f89a03c3d3b:   80 00 00 00 00 48 8d bb d0 02 00 00 4c 89 e6 e8 

Stack slot to memory mapping:
stack at sp + 0 slots: 
[error occurred during error reporting (inspecting top of stack), id 0xb, SIGSEGV (0xb) at pc=0x00007f899f4f1747]


---------------  P R O C E S S  ---------------

VM state:not at safepoint (normal execution)

VM Mutex/Monitor currently owned by a thread: None

Heap address: 0x0000000708e00000, size: 3954 MB, Compressed Oops mode: Zero based, Oop shift amount: 3
Narrow klass base: 0x0000000800000000, Narrow klass shift: 0
Compressed class space size: 1073741824 Address: 0x0000000800000000

Heap:
 garbage-first heap   total 253952K, used 2048K [0x0000000708e00000, 0x0000000800000000)
  region size 1024K, 3 young (3072K), 0 survivors (0K)
 Metaspace       used 6701K, capacity 6848K, committed 7168K, reserved 1056768K
  class space    used 606K, capacity 646K, committed 768K, reserved 1048576K
Heap Regions: E=young(eden), S=young(survivor), O=old, HS=humongous(starts), HC=humongous(continues), CS=collection set, F=free, A=archive, TAMS=top-at-mark-start (previous, next)
|   0|0x0000000708e00000, 0x0000000708e00000, 0x0000000708f00000|  0%| F|  |TAMS 0x0000000708e00000, 0x0000000708e00000| Untracked 
|   1|0x0000000708f00000, 0x0000000708f00000, 0x0000000709000000|  0%| F|  |TAMS 0x0000000708f00000, 0x0000000708f00000| Untracked 
|   2|0x0000000709000000, 0x0000000709000000, 0x0000000709100000|  0%| F|  |TAMS 0x0000000709000000, 0x0000000709000000| Untracked 
|   3|0x0000000709100000, 0x0000000709100000, 0x0000000709200000|  0%| F|  |TAMS 0x0000000709100000, 0x0000000709100000| Untracked 
|   4|0x0000000709200000, 0x0000000709200000, 0x0000000709300000|  0%| F|  |TAMS 0x0000000709200000, 0x0000000709200000| Untracked 
|   5|0x0000000709300000, 0x0000000709300000, 0x0000000709400000|  0%| F|  |TAMS 0x0000000709300000, 0x0000000709300000| Untracked 
|   6|0x0000000709400000, 0x0000000709400000, 0x0000000709500000|  0%| F|  |TAMS 0x0000000709400000, 0x0000000709400000| Untracked 
|   7|0x0000000709500000, 0x0000000709500000, 0x0000000709600000|  0%| F|  |TAMS 0x0000000709500000, 0x0000000709500000| Untracked 
|   8|0x0000000709600000, 0x0000000709600000, 0x0000000709700000|  0%| F|  |TAMS 0x0000000709600000, 0x0000000709600000| Untracked 
|   9|0x0000000709700000, 0x0000000709700000, 0x0000000709800000|  0%| F|  |TAMS 0x0000000709700000, 0x0000000709700000| Untracked 
|  10|0x0000000709800000, 0x0000000709800000, 0x0000000709900000|  0%| F|  |TAMS 0x0000000709800000, 0x0000000709800000| Untracked 
|  11|0x0000000709900000, 0x0000000709900000, 0x0000000709a00000|  0%| F|  |TAMS 0x0000000709900000, 0x0000000709900000| Untracked 
|  12|0x0000000709a00000, 0x0000000709a00000, 0x0000000709b00000|  0%| F|  |TAMS 0x0000000709a00000, 0x0000000709a00000| Untracked 
|  13|0x0000000709b00000, 0x0000000709b00000, 0x0000000709c00000|  0%| F|  |TAMS 0x0000000709b00000, 0x0000000709b00000| Untracked 
|  14|0x0000000709c00000, 0x0000000709c00000, 0x0000000709d00000|  0%| F|  |TAMS 0x0000000709c00000, 0x0000000709c00000| Untracked 
|  15|0x0000000709d00000, 0x0000000709d00000, 0x0000000709e00000|  0%| F|  |TAMS 0x0000000709d00000, 0x0000000709d00000| Untracked 
|  16|0x0000000709e00000, 0x0000000709e00000, 0x0000000709f00000|  0%| F|  |TAMS 0x0000000709e00000, 0x0000000709e00000| Untracked 
|  17|0x0000000709f00000, 0x0000000709f00000, 0x000000070a000000|  0%| F|  |TAMS 0x0000000709f00000, 0x0000000709f00000| Untracked 
|  18|0x000000070a000000, 0x000000070a000000, 0x000000070a100000|  0%| F|  |TAMS 0x000000070a000000, 0x000000070a000000| Untracked 
|  19|0x000000070a100000, 0x000000070a100000, 0x000000070a200000|  0%| F|  |TAMS 0x000000070a100000, 0x000000070a100000| Untracked 
|  20|0x000000070a200000, 0x000000070a200000, 0x000000070a300000|  0%| F|  |TAMS 0x000000070a200000, 0x000000070a200000| Untracked 
|  21|0x000000070a300000, 0x000000070a300000, 0x000000070a400000|  0%| F|  |TAMS 0x000000070a300000, 0x000000070a300000| Untracked 
|  22|0x000000070a400000, 0x000000070a400000, 0x000000070a500000|  0%| F|  |TAMS 0x000000070a400000, 0x000000070a400000| Untracked 
|  23|0x000000070a500000, 0x000000070a500000, 0x000000070a600000|  0%| F|  |TAMS 0x000000070a500000, 0x000000070a500000| Untracked 
|  24|0x000000070a600000, 0x000000070a600000, 0x000000070a700000|  0%| F|  |TAMS 0x000000070a600000, 0x000000070a600000| Untracked 
|  25|0x000000070a700000, 0x000000070a700000, 0x000000070a800000|  0%| F|  |TAMS 0x000000070a700000, 0x000000070a700000| Untracked 
|  26|0x000000070a800000, 0x000000070a800000, 0x000000070a900000|  0%| F|  |TAMS 0x000000070a800000, 0x000000070a800000| Untracked 
|  27|0x000000070a900000, 0x000000070a900000, 0x000000070aa00000|  0%| F|  |TAMS 0x000000070a900000, 0x000000070a900000| Untracked 
|  28|0x000000070aa00000, 0x000000070aa00000, 0x000000070ab00000|  0%| F|  |TAMS 0x000000070aa00000, 0x000000070aa00000| Untracked 
|  29|0x000000070ab00000, 0x000000070ab00000, 0x000000070ac00000|  0%| F|  |TAMS 0x000000070ab00000, 0x000000070ab00000| Untracked 
|  30|0x000000070ac00000, 0x000000070ac00000, 0x000000070ad00000|  0%| F|  |TAMS 0x000000070ac00000, 0x000000070ac00000| Untracked 
|  31|0x000000070ad00000, 0x000000070ad00000, 0x000000070ae00000|  0%| F|  |TAMS 0x000000070ad00000, 0x000000070ad00000| Untracked 
|  32|0x000000070ae00000, 0x000000070ae00000, 0x000000070af00000|  0%| F|  |TAMS 0x000000070ae00000, 0x000000070ae00000| Untracked 
|  33|0x000000070af00000, 0x000000070af00000, 0x000000070b000000|  0%| F|  |TAMS 0x000000070af00000, 0x000000070af00000| Untracked 
|  34|0x000000070b000000, 0x000000070b000000, 0x000000070b100000|  0%| F|  |TAMS 0x000000070b000000, 0x000000070b000000| Untracked 
|  35|0x000000070b100000, 0x000000070b100000, 0x000000070b200000|  0%| F|  |TAMS 0x000000070b100000, 0x000000070b100000| Untracked 
|  36|0x000000070b200000, 0x000000070b200000, 0x000000070b300000|  0%| F|  |TAMS 0x000000070b200000, 0x000000070b200000| Untracked 
|  37|0x000000070b300000, 0x000000070b300000, 0x000000070b400000|  0%| F|  |TAMS 0x000000070b300000, 0x000000070b300000| Untracked 
|  38|0x000000070b400000, 0x000000070b400000, 0x000000070b500000|  0%| F|  |TAMS 0x000000070b400000, 0x000000070b400000| Untracked 
|  39|0x000000070b500000, 0x000000070b500000, 0x000000070b600000|  0%| F|  |TAMS 0x000000070b500000, 0x000000070b500000| Untracked 
|  40|0x000000070b600000, 0x000000070b600000, 0x000000070b700000|  0%| F|  |TAMS 0x000000070b600000, 0x000000070b600000| Untracked 
|  41|0x000000070b700000, 0x000000070b700000, 0x000000070b800000|  0%| F|  |TAMS 0x000000070b700000, 0x000000070b700000| Untracked 
|  42|0x000000070b800000, 0x000000070b800000, 0x000000070b900000|  0%| F|  |TAMS 0x000000070b800000, 0x000000070b800000| Untracked 
|  43|0x000000070b900000, 0x000000070b900000, 0x000000070ba00000|  0%| F|  |TAMS 0x000000070b900000, 0x000000070b900000| Untracked 
|  44|0x000000070ba00000, 0x000000070ba00000, 0x000000070bb00000|  0%| F|  |TAMS 0x000000070ba00000, 0x000000070ba00000| Untracked 
|  45|0x000000070bb00000, 0x000000070bb00000, 0x000000070bc00000|  0%| F|  |TAMS 0x000000070bb00000, 0x000000070bb00000| Untracked 
|  46|0x000000070bc00000, 0x000000070bc00000, 0x000000070bd00000|  0%| F|  |TAMS 0x000000070bc00000, 0x000000070bc00000| Untracked 
|  47|0x000000070bd00000, 0x000000070bd00000, 0x000000070be00000|  0%| F|  |TAMS 0x000000070bd00000, 0x000000070bd00000| Untracked 
|  48|0x000000070be00000, 0x000000070be00000, 0x000000070bf00000|  0%| F|  |TAMS 0x000000070be00000, 0x000000070be00000| Untracked 
|  49|0x000000070bf00000, 0x000000070bf00000, 0x000000070c000000|  0%| F|  |TAMS 0x000000070bf00000, 0x000000070bf00000| Untracked 
|  50|0x000000070c000000, 0x000000070c000000, 0x000000070c100000|  0%| F|  |TAMS 0x000000070c000000, 0x000000070c000000| Untracked 
|  51|0x000000070c100000, 0x000000070c100000, 0x000000070c200000|  0%| F|  |TAMS 0x000000070c100000, 0x000000070c100000| Untracked 
|  52|0x000000070c200000, 0x000000070c200000, 0x000000070c300000|  0%| F|  |TAMS 0x000000070c200000, 0x000000070c200000| Untracked 
|  53|0x000000070c300000, 0x000000070c300000, 0x000000070c400000|  0%| F|  |TAMS 0x000000070c300000, 0x000000070c300000| Untracked 
|  54|0x000000070c400000, 0x000000070c400000, 0x000000070c500000|  0%| F|  |TAMS 0x000000070c400000, 0x000000070c400000| Untracked 
|  55|0x000000070c500000, 0x000000070c500000, 0x000000070c600000|  0%| F|  |TAMS 0x000000070c500000, 0x000000070c500000| Untracked 
|  56|0x000000070c600000, 0x000000070c600000, 0x000000070c700000|  0%| F|  |TAMS 0x000000070c600000, 0x000000070c600000| Untracked 
|  57|0x000000070c700000, 0x000000070c700000, 0x000000070c800000|  0%| F|  |TAMS 0x000000070c700000, 0x000000070c700000| Untracked 
|  58|0x000000070c800000, 0x000000070c800000, 0x000000070c900000|  0%| F|  |TAMS 0x000000070c800000, 0x000000070c800000| Untracked 
|  59|0x000000070c900000, 0x000000070c900000, 0x000000070ca00000|  0%| F|  |TAMS 0x000000070c900000, 0x000000070c900000| Untracked 
|  60|0x000000070ca00000, 0x000000070ca00000, 0x000000070cb00000|  0%| F|  |TAMS 0x000000070ca00000, 0x000000070ca00000| Untracked 
|  61|0x000000070cb00000, 0x000000070cb00000, 0x000000070cc00000|  0%| F|  |TAMS 0x000000070cb00000, 0x000000070cb00000| Untracked 
|  62|0x000000070cc00000, 0x000000070cc00000, 0x000000070cd00000|  0%| F|  |TAMS 0x000000070cc00000, 0x000000070cc00000| Untracked 
|  63|0x000000070cd00000, 0x000000070cd00000, 0x000000070ce00000|  0%| F|  |TAMS 0x000000070cd00000, 0x000000070cd00000| Untracked 
|  64|0x000000070ce00000, 0x000000070ce00000, 0x000000070cf00000|  0%| F|  |TAMS 0x000000070ce00000, 0x000000070ce00000| Untracked 
|  65|0x000000070cf00000, 0x000000070cf00000, 0x000000070d000000|  0%| F|  |TAMS 0x000000070cf00000, 0x000000070cf00000| Untracked 
|  66|0x000000070d000000, 0x000000070d000000, 0x000000070d100000|  0%| F|  |TAMS 0x000000070d000000, 0x000000070d000000| Untracked 
|  67|0x000000070d100000, 0x000000070d100000, 0x000000070d200000|  0%| F|  |TAMS 0x000000070d100000, 0x000000070d100000| Untracked 
|  68|0x000000070d200000, 0x000000070d200000, 0x000000070d300000|  0%| F|  |TAMS 0x000000070d200000, 0x000000070d200000| Untracked 
|  69|0x000000070d300000, 0x000000070d300000, 0x000000070d400000|  0%| F|  |TAMS 0x000000070d300000, 0x000000070d300000| Untracked 
|  70|0x000000070d400000, 0x000000070d400000, 0x000000070d500000|  0%| F|  |TAMS 0x000000070d400000, 0x000000070d400000| Untracked 
|  71|0x000000070d500000, 0x000000070d500000, 0x000000070d600000|  0%| F|  |TAMS 0x000000070d500000, 0x000000070d500000| Untracked 
|  72|0x000000070d600000, 0x000000070d600000, 0x000000070d700000|  0%| F|  |TAMS 0x000000070d600000, 0x000000070d600000| Untracked 
|  73|0x000000070d700000, 0x000000070d700000, 0x000000070d800000|  0%| F|  |TAMS 0x000000070d700000, 0x000000070d700000| Untracked 
|  74|0x000000070d800000, 0x000000070d800000, 0x000000070d900000|  0%| F|  |TAMS 0x000000070d800000, 0x000000070d800000| Untracked 
|  75|0x000000070d900000, 0x000000070d900000, 0x000000070da00000|  0%| F|  |TAMS 0x000000070d900000, 0x000000070d900000| Untracked 
|  76|0x000000070da00000, 0x000000070da00000, 0x000000070db00000|  0%| F|  |TAMS 0x000000070da00000, 0x000000070da00000| Untracked 
|  77|0x000000070db00000, 0x000000070db00000, 0x000000070dc00000|  0%| F|  |TAMS 0x000000070db00000, 0x000000070db00000| Untracked 
|  78|0x000000070dc00000, 0x000000070dc00000, 0x000000070dd00000|  0%| F|  |TAMS 0x000000070dc00000, 0x000000070dc00000| Untracked 
|  79|0x000000070dd00000, 0x000000070dd00000, 0x000000070de00000|  0%| F|  |TAMS 0x000000070dd00000, 0x000000070dd00000| Untracked 
|  80|0x000000070de00000, 0x000000070de00000, 0x000000070df00000|  0%| F|  |TAMS 0x000000070de00000, 0x000000070de00000| Untracked 
|  81|0x000000070df00000, 0x000000070df00000, 0x000000070e000000|  0%| F|  |TAMS 0x000000070df00000, 0x000000070df00000| Untracked 
|  82|0x000000070e000000, 0x000000070e000000, 0x000000070e100000|  0%| F|  |TAMS 0x000000070e000000, 0x000000070e000000| Untracked 
|  83|0x000000070e100000, 0x000000070e100000, 0x000000070e200000|  0%| F|  |TAMS 0x000000070e100000, 0x000000070e100000| Untracked 
|  84|0x000000070e200000, 0x000000070e200000, 0x000000070e300000|  0%| F|  |TAMS 0x000000070e200000, 0x000000070e200000| Untracked 
|  85|0x000000070e300000, 0x000000070e300000, 0x000000070e400000|  0%| F|  |TAMS 0x000000070e300000, 0x000000070e300000| Untracked 
|  86|0x000000070e400000, 0x000000070e400000, 0x000000070e500000|  0%| F|  |TAMS 0x000000070e400000, 0x000000070e400000| Untracked 
|  87|0x000000070e500000, 0x000000070e500000, 0x000000070e600000|  0%| F|  |TAMS 0x000000070e500000, 0x000000070e500000| Untracked 
|  88|0x000000070e600000, 0x000000070e600000, 0x000000070e700000|  0%| F|  |TAMS 0x000000070e600000, 0x000000070e600000| Untracked 
|  89|0x000000070e700000, 0x000000070e700000, 0x000000070e800000|  0%| F|  |TAMS 0x000000070e700000, 0x000000070e700000| Untracked 
|  90|0x000000070e800000, 0x000000070e800000, 0x000000070e900000|  0%| F|  |TAMS 0x000000070e800000, 0x000000070e800000| Untracked 
|  91|0x000000070e900000, 0x000000070e900000, 0x000000070ea00000|  0%| F|  |TAMS 0x000000070e900000, 0x000000070e900000| Untracked 
|  92|0x000000070ea00000, 0x000000070ea00000, 0x000000070eb00000|  0%| F|  |TAMS 0x000000070ea00000, 0x000000070ea00000| Untracked 
|  93|0x000000070eb00000, 0x000000070eb00000, 0x000000070ec00000|  0%| F|  |TAMS 0x000000070eb00000, 0x000000070eb00000| Untracked 
|  94|0x000000070ec00000, 0x000000070ec00000, 0x000000070ed00000|  0%| F|  |TAMS 0x000000070ec00000, 0x000000070ec00000| Untracked 
|  95|0x000000070ed00000, 0x000000070ed00000, 0x000000070ee00000|  0%| F|  |TAMS 0x000000070ed00000, 0x000000070ed00000| Untracked 
|  96|0x000000070ee00000, 0x000000070ee00000, 0x000000070ef00000|  0%| F|  |TAMS 0x000000070ee00000, 0x000000070ee00000| Untracked 
|  97|0x000000070ef00000, 0x000000070ef00000, 0x000000070f000000|  0%| F|  |TAMS 0x000000070ef00000, 0x000000070ef00000| Untracked 
|  98|0x000000070f000000, 0x000000070f000000, 0x000000070f100000|  0%| F|  |TAMS 0x000000070f000000, 0x000000070f000000| Untracked 
|  99|0x000000070f100000, 0x000000070f100000, 0x000000070f200000|  0%| F|  |TAMS 0x000000070f100000, 0x000000070f100000| Untracked 
| 100|0x000000070f200000, 0x000000070f200000, 0x000000070f300000|  0%| F|  |TAMS 0x000000070f200000, 0x000000070f200000| Untracked 
| 101|0x000000070f300000, 0x000000070f300000, 0x000000070f400000|  0%| F|  |TAMS 0x000000070f300000, 0x000000070f300000| Untracked 
| 102|0x000000070f400000, 0x000000070f400000, 0x000000070f500000|  0%| F|  |TAMS 0x000000070f400000, 0x000000070f400000| Untracked 
| 103|0x000000070f500000, 0x000000070f500000, 0x000000070f600000|  0%| F|  |TAMS 0x000000070f500000, 0x000000070f500000| Untracked 
| 104|0x000000070f600000, 0x000000070f600000, 0x000000070f700000|  0%| F|  |TAMS 0x000000070f600000, 0x000000070f600000| Untracked 
| 105|0x000000070f700000, 0x000000070f700000, 0x000000070f800000|  0%| F|  |TAMS 0x000000070f700000, 0x000000070f700000| Untracked 
| 106|0x000000070f800000, 0x000000070f800000, 0x000000070f900000|  0%| F|  |TAMS 0x000000070f800000, 0x000000070f800000| Untracked 
| 107|0x000000070f900000, 0x000000070f900000, 0x000000070fa00000|  0%| F|  |TAMS 0x000000070f900000, 0x000000070f900000| Untracked 
| 108|0x000000070fa00000, 0x000000070fa00000, 0x000000070fb00000|  0%| F|  |TAMS 0x000000070fa00000, 0x000000070fa00000| Untracked 
| 109|0x000000070fb00000, 0x000000070fb00000, 0x000000070fc00000|  0%| F|  |TAMS 0x000000070fb00000, 0x000000070fb00000| Untracked 
| 110|0x000000070fc00000, 0x000000070fc00000, 0x000000070fd00000|  0%| F|  |TAMS 0x000000070fc00000, 0x000000070fc00000| Untracked 
| 111|0x000000070fd00000, 0x000000070fd00000, 0x000000070fe00000|  0%| F|  |TAMS 0x000000070fd00000, 0x000000070fd00000| Untracked 
| 112|0x000000070fe00000, 0x000000070fe00000, 0x000000070ff00000|  0%| F|  |TAMS 0x000000070fe00000, 0x000000070fe00000| Untracked 
| 113|0x000000070ff00000, 0x000000070ff00000, 0x0000000710000000|  0%| F|  |TAMS 0x000000070ff00000, 0x000000070ff00000| Untracked 
| 114|0x0000000710000000, 0x0000000710000000, 0x0000000710100000|  0%| F|  |TAMS 0x0000000710000000, 0x0000000710000000| Untracked 
| 115|0x0000000710100000, 0x0000000710100000, 0x0000000710200000|  0%| F|  |TAMS 0x0000000710100000, 0x0000000710100000| Untracked 
| 116|0x0000000710200000, 0x0000000710200000, 0x0000000710300000|  0%| F|  |TAMS 0x0000000710200000, 0x0000000710200000| Untracked 
| 117|0x0000000710300000, 0x0000000710300000, 0x0000000710400000|  0%| F|  |TAMS 0x0000000710300000, 0x0000000710300000| Untracked 
| 118|0x0000000710400000, 0x0000000710400000, 0x0000000710500000|  0%| F|  |TAMS 0x0000000710400000, 0x0000000710400000| Untracked 
| 119|0x0000000710500000, 0x0000000710500000, 0x0000000710600000|  0%| F|  |TAMS 0x0000000710500000, 0x0000000710500000| Untracked 
| 120|0x0000000710600000, 0x0000000710600000, 0x0000000710700000|  0%| F|  |TAMS 0x0000000710600000, 0x0000000710600000| Untracked 
| 121|0x0000000710700000, 0x0000000710700000, 0x0000000710800000|  0%| F|  |TAMS 0x0000000710700000, 0x0000000710700000| Untracked 
| 122|0x0000000710800000, 0x0000000710800000, 0x0000000710900000|  0%| F|  |TAMS 0x0000000710800000, 0x0000000710800000| Untracked 
| 123|0x0000000710900000, 0x0000000710900000, 0x0000000710a00000|  0%| F|  |TAMS 0x0000000710900000, 0x0000000710900000| Untracked 
| 124|0x0000000710a00000, 0x0000000710a00000, 0x0000000710b00000|  0%| F|  |TAMS 0x0000000710a00000, 0x0000000710a00000| Untracked 
| 125|0x0000000710b00000, 0x0000000710b00000, 0x0000000710c00000|  0%| F|  |TAMS 0x0000000710b00000, 0x0000000710b00000| Untracked 
| 126|0x0000000710c00000, 0x0000000710c00000, 0x0000000710d00000|  0%| F|  |TAMS 0x0000000710c00000, 0x0000000710c00000| Untracked 
| 127|0x0000000710d00000, 0x0000000710d00000, 0x0000000710e00000|  0%| F|  |TAMS 0x0000000710d00000, 0x0000000710d00000| Untracked 
| 128|0x0000000710e00000, 0x0000000710e00000, 0x0000000710f00000|  0%| F|  |TAMS 0x0000000710e00000, 0x0000000710e00000| Untracked 
| 129|0x0000000710f00000, 0x0000000710f00000, 0x0000000711000000|  0%| F|  |TAMS 0x0000000710f00000, 0x0000000710f00000| Untracked 
| 130|0x0000000711000000, 0x0000000711000000, 0x0000000711100000|  0%| F|  |TAMS 0x0000000711000000, 0x0000000711000000| Untracked 
| 131|0x0000000711100000, 0x0000000711100000, 0x0000000711200000|  0%| F|  |TAMS 0x0000000711100000, 0x0000000711100000| Untracked 
| 132|0x0000000711200000, 0x0000000711200000, 0x0000000711300000|  0%| F|  |TAMS 0x0000000711200000, 0x0000000711200000| Untracked 
| 133|0x0000000711300000, 0x0000000711300000, 0x0000000711400000|  0%| F|  |TAMS 0x0000000711300000, 0x0000000711300000| Untracked 
| 134|0x0000000711400000, 0x0000000711400000, 0x0000000711500000|  0%| F|  |TAMS 0x0000000711400000, 0x0000000711400000| Untracked 
| 135|0x0000000711500000, 0x0000000711500000, 0x0000000711600000|  0%| F|  |TAMS 0x0000000711500000, 0x0000000711500000| Untracked 
| 136|0x0000000711600000, 0x0000000711600000, 0x0000000711700000|  0%| F|  |TAMS 0x0000000711600000, 0x0000000711600000| Untracked 
| 137|0x0000000711700000, 0x0000000711700000, 0x0000000711800000|  0%| F|  |TAMS 0x0000000711700000, 0x0000000711700000| Untracked 
| 138|0x0000000711800000, 0x0000000711800000, 0x0000000711900000|  0%| F|  |TAMS 0x0000000711800000, 0x0000000711800000| Untracked 
| 139|0x0000000711900000, 0x0000000711900000, 0x0000000711a00000|  0%| F|  |TAMS 0x0000000711900000, 0x0000000711900000| Untracked 
| 140|0x0000000711a00000, 0x0000000711a00000, 0x0000000711b00000|  0%| F|  |TAMS 0x0000000711a00000, 0x0000000711a00000| Untracked 
| 141|0x0000000711b00000, 0x0000000711b00000, 0x0000000711c00000|  0%| F|  |TAMS 0x0000000711b00000, 0x0000000711b00000| Untracked 
| 142|0x0000000711c00000, 0x0000000711c00000, 0x0000000711d00000|  0%| F|  |TAMS 0x0000000711c00000, 0x0000000711c00000| Untracked 
| 143|0x0000000711d00000, 0x0000000711d00000, 0x0000000711e00000|  0%| F|  |TAMS 0x0000000711d00000, 0x0000000711d00000| Untracked 
| 144|0x0000000711e00000, 0x0000000711e00000, 0x0000000711f00000|  0%| F|  |TAMS 0x0000000711e00000, 0x0000000711e00000| Untracked 
| 145|0x0000000711f00000, 0x0000000711f00000, 0x0000000712000000|  0%| F|  |TAMS 0x0000000711f00000, 0x0000000711f00000| Untracked 
| 146|0x0000000712000000, 0x0000000712000000, 0x0000000712100000|  0%| F|  |TAMS 0x0000000712000000, 0x0000000712000000| Untracked 
| 147|0x0000000712100000, 0x0000000712100000, 0x0000000712200000|  0%| F|  |TAMS 0x0000000712100000, 0x0000000712100000| Untracked 
| 148|0x0000000712200000, 0x0000000712200000, 0x0000000712300000|  0%| F|  |TAMS 0x0000000712200000, 0x0000000712200000| Untracked 
| 149|0x0000000712300000, 0x0000000712300000, 0x0000000712400000|  0%| F|  |TAMS 0x0000000712300000, 0x0000000712300000| Untracked 
| 150|0x0000000712400000, 0x0000000712400000, 0x0000000712500000|  0%| F|  |TAMS 0x0000000712400000, 0x0000000712400000| Untracked 
| 151|0x0000000712500000, 0x0000000712500000, 0x0000000712600000|  0%| F|  |TAMS 0x0000000712500000, 0x0000000712500000| Untracked 
| 152|0x0000000712600000, 0x0000000712600000, 0x0000000712700000|  0%| F|  |TAMS 0x0000000712600000, 0x0000000712600000| Untracked 
| 153|0x0000000712700000, 0x0000000712700000, 0x0000000712800000|  0%| F|  |TAMS 0x0000000712700000, 0x0000000712700000| Untracked 
| 154|0x0000000712800000, 0x0000000712800000, 0x0000000712900000|  0%| F|  |TAMS 0x0000000712800000, 0x0000000712800000| Untracked 
| 155|0x0000000712900000, 0x0000000712900000, 0x0000000712a00000|  0%| F|  |TAMS 0x0000000712900000, 0x0000000712900000| Untracked 
| 156|0x0000000712a00000, 0x0000000712a00000, 0x0000000712b00000|  0%| F|  |TAMS 0x0000000712a00000, 0x0000000712a00000| Untracked 
| 157|0x0000000712b00000, 0x0000000712b00000, 0x0000000712c00000|  0%| F|  |TAMS 0x0000000712b00000, 0x0000000712b00000| Untracked 
| 158|0x0000000712c00000, 0x0000000712c00000, 0x0000000712d00000|  0%| F|  |TAMS 0x0000000712c00000, 0x0000000712c00000| Untracked 
| 159|0x0000000712d00000, 0x0000000712d00000, 0x0000000712e00000|  0%| F|  |TAMS 0x0000000712d00000, 0x0000000712d00000| Untracked 
| 160|0x0000000712e00000, 0x0000000712e00000, 0x0000000712f00000|  0%| F|  |TAMS 0x0000000712e00000, 0x0000000712e00000| Untracked 
| 161|0x0000000712f00000, 0x0000000712f00000, 0x0000000713000000|  0%| F|  |TAMS 0x0000000712f00000, 0x0000000712f00000| Untracked 
| 162|0x0000000713000000, 0x0000000713000000, 0x0000000713100000|  0%| F|  |TAMS 0x0000000713000000, 0x0000000713000000| Untracked 
| 163|0x0000000713100000, 0x0000000713100000, 0x0000000713200000|  0%| F|  |TAMS 0x0000000713100000, 0x0000000713100000| Untracked 
| 164|0x0000000713200000, 0x0000000713200000, 0x0000000713300000|  0%| F|  |TAMS 0x0000000713200000, 0x0000000713200000| Untracked 
| 165|0x0000000713300000, 0x0000000713300000, 0x0000000713400000|  0%| F|  |TAMS 0x0000000713300000, 0x0000000713300000| Untracked 
| 166|0x0000000713400000, 0x0000000713400000, 0x0000000713500000|  0%| F|  |TAMS 0x0000000713400000, 0x0000000713400000| Untracked 
| 167|0x0000000713500000, 0x0000000713500000, 0x0000000713600000|  0%| F|  |TAMS 0x0000000713500000, 0x0000000713500000| Untracked 
| 168|0x0000000713600000, 0x0000000713600000, 0x0000000713700000|  0%| F|  |TAMS 0x0000000713600000, 0x0000000713600000| Untracked 
| 169|0x0000000713700000, 0x0000000713700000, 0x0000000713800000|  0%| F|  |TAMS 0x0000000713700000, 0x0000000713700000| Untracked 
| 170|0x0000000713800000, 0x0000000713800000, 0x0000000713900000|  0%| F|  |TAMS 0x0000000713800000, 0x0000000713800000| Untracked 
| 171|0x0000000713900000, 0x0000000713900000, 0x0000000713a00000|  0%| F|  |TAMS 0x0000000713900000, 0x0000000713900000| Untracked 
| 172|0x0000000713a00000, 0x0000000713a00000, 0x0000000713b00000|  0%| F|  |TAMS 0x0000000713a00000, 0x0000000713a00000| Untracked 
| 173|0x0000000713b00000, 0x0000000713b00000, 0x0000000713c00000|  0%| F|  |TAMS 0x0000000713b00000, 0x0000000713b00000| Untracked 
| 174|0x0000000713c00000, 0x0000000713c00000, 0x0000000713d00000|  0%| F|  |TAMS 0x0000000713c00000, 0x0000000713c00000| Untracked 
| 175|0x0000000713d00000, 0x0000000713d00000, 0x0000000713e00000|  0%| F|  |TAMS 0x0000000713d00000, 0x0000000713d00000| Untracked 
| 176|0x0000000713e00000, 0x0000000713e00000, 0x0000000713f00000|  0%| F|  |TAMS 0x0000000713e00000, 0x0000000713e00000| Untracked 
| 177|0x0000000713f00000, 0x0000000713f00000, 0x0000000714000000|  0%| F|  |TAMS 0x0000000713f00000, 0x0000000713f00000| Untracked 
| 178|0x0000000714000000, 0x0000000714000000, 0x0000000714100000|  0%| F|  |TAMS 0x0000000714000000, 0x0000000714000000| Untracked 
| 179|0x0000000714100000, 0x0000000714100000, 0x0000000714200000|  0%| F|  |TAMS 0x0000000714100000, 0x0000000714100000| Untracked 
| 180|0x0000000714200000, 0x0000000714200000, 0x0000000714300000|  0%| F|  |TAMS 0x0000000714200000, 0x0000000714200000| Untracked 
| 181|0x0000000714300000, 0x0000000714300000, 0x0000000714400000|  0%| F|  |TAMS 0x0000000714300000, 0x0000000714300000| Untracked 
| 182|0x0000000714400000, 0x0000000714400000, 0x0000000714500000|  0%| F|  |TAMS 0x0000000714400000, 0x0000000714400000| Untracked 
| 183|0x0000000714500000, 0x0000000714500000, 0x0000000714600000|  0%| F|  |TAMS 0x0000000714500000, 0x0000000714500000| Untracked 
| 184|0x0000000714600000, 0x0000000714600000, 0x0000000714700000|  0%| F|  |TAMS 0x0000000714600000, 0x0000000714600000| Untracked 
| 185|0x0000000714700000, 0x0000000714700000, 0x0000000714800000|  0%| F|  |TAMS 0x0000000714700000, 0x0000000714700000| Untracked 
| 186|0x0000000714800000, 0x0000000714800000, 0x0000000714900000|  0%| F|  |TAMS 0x0000000714800000, 0x0000000714800000| Untracked 
| 187|0x0000000714900000, 0x0000000714900000, 0x0000000714a00000|  0%| F|  |TAMS 0x0000000714900000, 0x0000000714900000| Untracked 
| 188|0x0000000714a00000, 0x0000000714a00000, 0x0000000714b00000|  0%| F|  |TAMS 0x0000000714a00000, 0x0000000714a00000| Untracked 
| 189|0x0000000714b00000, 0x0000000714b00000, 0x0000000714c00000|  0%| F|  |TAMS 0x0000000714b00000, 0x0000000714b00000| Untracked 
| 190|0x0000000714c00000, 0x0000000714c00000, 0x0000000714d00000|  0%| F|  |TAMS 0x0000000714c00000, 0x0000000714c00000| Untracked 
| 191|0x0000000714d00000, 0x0000000714d00000, 0x0000000714e00000|  0%| F|  |TAMS 0x0000000714d00000, 0x0000000714d00000| Untracked 
| 192|0x0000000714e00000, 0x0000000714e00000, 0x0000000714f00000|  0%| F|  |TAMS 0x0000000714e00000, 0x0000000714e00000| Untracked 
| 193|0x0000000714f00000, 0x0000000714f00000, 0x0000000715000000|  0%| F|  |TAMS 0x0000000714f00000, 0x0000000714f00000| Untracked 
| 194|0x0000000715000000, 0x0000000715000000, 0x0000000715100000|  0%| F|  |TAMS 0x0000000715000000, 0x0000000715000000| Untracked 
| 195|0x0000000715100000, 0x0000000715100000, 0x0000000715200000|  0%| F|  |TAMS 0x0000000715100000, 0x0000000715100000| Untracked 
| 196|0x0000000715200000, 0x0000000715200000, 0x0000000715300000|  0%| F|  |TAMS 0x0000000715200000, 0x0000000715200000| Untracked 
| 197|0x0000000715300000, 0x0000000715300000, 0x0000000715400000|  0%| F|  |TAMS 0x0000000715300000, 0x0000000715300000| Untracked 
| 198|0x0000000715400000, 0x0000000715400000, 0x0000000715500000|  0%| F|  |TAMS 0x0000000715400000, 0x0000000715400000| Untracked 
| 199|0x0000000715500000, 0x0000000715500000, 0x0000000715600000|  0%| F|  |TAMS 0x0000000715500000, 0x0000000715500000| Untracked 
| 200|0x0000000715600000, 0x0000000715600000, 0x0000000715700000|  0%| F|  |TAMS 0x0000000715600000, 0x0000000715600000| Untracked 
| 201|0x0000000715700000, 0x0000000715700000, 0x0000000715800000|  0%| F|  |TAMS 0x0000000715700000, 0x0000000715700000| Untracked 
| 202|0x0000000715800000, 0x0000000715800000, 0x0000000715900000|  0%| F|  |TAMS 0x0000000715800000, 0x0000000715800000| Untracked 
| 203|0x0000000715900000, 0x0000000715900000, 0x0000000715a00000|  0%| F|  |TAMS 0x0000000715900000, 0x0000000715900000| Untracked 
| 204|0x0000000715a00000, 0x0000000715a00000, 0x0000000715b00000|  0%| F|  |TAMS 0x0000000715a00000, 0x0000000715a00000| Untracked 
| 205|0x0000000715b00000, 0x0000000715b00000, 0x0000000715c00000|  0%| F|  |TAMS 0x0000000715b00000, 0x0000000715b00000| Untracked 
| 206|0x0000000715c00000, 0x0000000715c00000, 0x0000000715d00000|  0%| F|  |TAMS 0x0000000715c00000, 0x0000000715c00000| Untracked 
| 207|0x0000000715d00000, 0x0000000715d00000, 0x0000000715e00000|  0%| F|  |TAMS 0x0000000715d00000, 0x0000000715d00000| Untracked 
| 208|0x0000000715e00000, 0x0000000715e00000, 0x0000000715f00000|  0%| F|  |TAMS 0x0000000715e00000, 0x0000000715e00000| Untracked 
| 209|0x0000000715f00000, 0x0000000715f00000, 0x0000000716000000|  0%| F|  |TAMS 0x0000000715f00000, 0x0000000715f00000| Untracked 
| 210|0x0000000716000000, 0x0000000716000000, 0x0000000716100000|  0%| F|  |TAMS 0x0000000716000000, 0x0000000716000000| Untracked 
| 211|0x0000000716100000, 0x0000000716100000, 0x0000000716200000|  0%| F|  |TAMS 0x0000000716100000, 0x0000000716100000| Untracked 
| 212|0x0000000716200000, 0x0000000716200000, 0x0000000716300000|  0%| F|  |TAMS 0x0000000716200000, 0x0000000716200000| Untracked 
| 213|0x0000000716300000, 0x0000000716300000, 0x0000000716400000|  0%| F|  |TAMS 0x0000000716300000, 0x0000000716300000| Untracked 
| 214|0x0000000716400000, 0x0000000716400000, 0x0000000716500000|  0%| F|  |TAMS 0x0000000716400000, 0x0000000716400000| Untracked 
| 215|0x0000000716500000, 0x0000000716500000, 0x0000000716600000|  0%| F|  |TAMS 0x0000000716500000, 0x0000000716500000| Untracked 
| 216|0x0000000716600000, 0x0000000716600000, 0x0000000716700000|  0%| F|  |TAMS 0x0000000716600000, 0x0000000716600000| Untracked 
| 217|0x0000000716700000, 0x0000000716700000, 0x0000000716800000|  0%| F|  |TAMS 0x0000000716700000, 0x0000000716700000| Untracked 
| 218|0x0000000716800000, 0x0000000716800000, 0x0000000716900000|  0%| F|  |TAMS 0x0000000716800000, 0x0000000716800000| Untracked 
| 219|0x0000000716900000, 0x0000000716900000, 0x0000000716a00000|  0%| F|  |TAMS 0x0000000716900000, 0x0000000716900000| Untracked 
| 220|0x0000000716a00000, 0x0000000716a00000, 0x0000000716b00000|  0%| F|  |TAMS 0x0000000716a00000, 0x0000000716a00000| Untracked 
| 221|0x0000000716b00000, 0x0000000716b00000, 0x0000000716c00000|  0%| F|  |TAMS 0x0000000716b00000, 0x0000000716b00000| Untracked 
| 222|0x0000000716c00000, 0x0000000716c00000, 0x0000000716d00000|  0%| F|  |TAMS 0x0000000716c00000, 0x0000000716c00000| Untracked 
| 223|0x0000000716d00000, 0x0000000716d00000, 0x0000000716e00000|  0%| F|  |TAMS 0x0000000716d00000, 0x0000000716d00000| Untracked 
| 224|0x0000000716e00000, 0x0000000716e00000, 0x0000000716f00000|  0%| F|  |TAMS 0x0000000716e00000, 0x0000000716e00000| Untracked 
| 225|0x0000000716f00000, 0x0000000716f00000, 0x0000000717000000|  0%| F|  |TAMS 0x0000000716f00000, 0x0000000716f00000| Untracked 
| 226|0x0000000717000000, 0x0000000717000000, 0x0000000717100000|  0%| F|  |TAMS 0x0000000717000000, 0x0000000717000000| Untracked 
| 227|0x0000000717100000, 0x0000000717100000, 0x0000000717200000|  0%| F|  |TAMS 0x0000000717100000, 0x0000000717100000| Untracked 
| 228|0x0000000717200000, 0x0000000717200000, 0x0000000717300000|  0%| F|  |TAMS 0x0000000717200000, 0x0000000717200000| Untracked 
| 229|0x0000000717300000, 0x0000000717300000, 0x0000000717400000|  0%| F|  |TAMS 0x0000000717300000, 0x0000000717300000| Untracked 
| 230|0x0000000717400000, 0x0000000717400000, 0x0000000717500000|  0%| F|  |TAMS 0x0000000717400000, 0x0000000717400000| Untracked 
| 231|0x0000000717500000, 0x0000000717500000, 0x0000000717600000|  0%| F|  |TAMS 0x0000000717500000, 0x0000000717500000| Untracked 
| 232|0x0000000717600000, 0x0000000717600000, 0x0000000717700000|  0%| F|  |TAMS 0x0000000717600000, 0x0000000717600000| Untracked 
| 233|0x0000000717700000, 0x0000000717700000, 0x0000000717800000|  0%| F|  |TAMS 0x0000000717700000, 0x0000000717700000| Untracked 
| 234|0x0000000717800000, 0x0000000717800000, 0x0000000717900000|  0%| F|  |TAMS 0x0000000717800000, 0x0000000717800000| Untracked 
| 235|0x0000000717900000, 0x0000000717900000, 0x0000000717a00000|  0%| F|  |TAMS 0x0000000717900000, 0x0000000717900000| Untracked 
| 236|0x0000000717a00000, 0x0000000717a00000, 0x0000000717b00000|  0%| F|  |TAMS 0x0000000717a00000, 0x0000000717a00000| Untracked 
| 237|0x0000000717b00000, 0x0000000717b00000, 0x0000000717c00000|  0%| F|  |TAMS 0x0000000717b00000, 0x0000000717b00000| Untracked 
| 238|0x0000000717c00000, 0x0000000717c00000, 0x0000000717d00000|  0%| F|  |TAMS 0x0000000717c00000, 0x0000000717c00000| Untracked 
| 239|0x0000000717d00000, 0x0000000717d00000, 0x0000000717e00000|  0%| F|  |TAMS 0x0000000717d00000, 0x0000000717d00000| Untracked 
| 240|0x0000000717e00000, 0x0000000717e00000, 0x0000000717f00000|  0%| F|  |TAMS 0x0000000717e00000, 0x0000000717e00000| Untracked 
| 241|0x0000000717f00000, 0x0000000717f00000, 0x0000000718000000|  0%| F|  |TAMS 0x0000000717f00000, 0x0000000717f00000| Untracked 
| 242|0x0000000718000000, 0x0000000718000000, 0x0000000718100000|  0%| F|  |TAMS 0x0000000718000000, 0x0000000718000000| Untracked 
| 243|0x0000000718100000, 0x0000000718100000, 0x0000000718200000|  0%| F|  |TAMS 0x0000000718100000, 0x0000000718100000| Untracked 
| 244|0x0000000718200000, 0x0000000718200000, 0x0000000718300000|  0%| F|  |TAMS 0x0000000718200000, 0x0000000718200000| Untracked 
| 245|0x0000000718300000, 0x00000007183f65b0, 0x0000000718400000| 96%| E|  |TAMS 0x0000000718300000, 0x0000000718300000| Complete 
| 246|0x0000000718400000, 0x0000000718500000, 0x0000000718500000|100%| E|CS|TAMS 0x0000000718400000, 0x0000000718400000| Complete 
| 247|0x0000000718500000, 0x0000000718600000, 0x0000000718600000|100%| E|CS|TAMS 0x0000000718500000, 0x0000000718500000| Complete 

Card table byte_map: [0x00007f897b847000,0x00007f897c000000] _byte_map_base: 0x00007f8978000000

Marking Bits (Prev, Next): (CMBitMap*) 0x00007f8998085498, (CMBitMap*) 0x00007f89980854d0
 Prev Bits: [0x00007f89772c6000, 0x00007f897b08e000)
 Next Bits: [0x00007f89734fe000, 0x00007f89772c6000)

Polling page: 0x00007f89a0a1a000

Metaspace:

Usage:
  Non-class:      6,06 MB capacity,     5,95 MB ( 98%) used,   102,34 KB (  2%) free+waste,     4,94 KB ( <1%) overhead. 
      Class:    646,00 KB capacity,   606,79 KB ( 94%) used,    36,71 KB (  6%) free+waste,     2,50 KB ( <1%) overhead. 
       Both:      6,69 MB capacity,     6,54 MB ( 98%) used,   139,05 KB (  2%) free+waste,     7,44 KB ( <1%) overhead. 

Virtual space:
  Non-class space:        8,00 MB reserved,       6,25 MB ( 78%) committed 
      Class space:        1,00 GB reserved,     768,00 KB ( <1%) committed 
             Both:        1,01 GB reserved,       7,00 MB ( <1%) committed 

Chunk freelists:
   Non-Class:  7,25 KB
       Class:  3,25 KB
        Both:  10,50 KB

CodeHeap 'non-profiled nmethods': size=120032Kb used=56Kb max_used=56Kb free=119975Kb
 bounds [0x00007f89886d0000, 0x00007f8988940000, 0x00007f898fc08000]
CodeHeap 'profiled nmethods': size=120028Kb used=238Kb max_used=238Kb free=119789Kb
 bounds [0x00007f8981199000, 0x00007f8981409000, 0x00007f89886d0000]
CodeHeap 'non-nmethods': size=5700Kb used=1049Kb max_used=1059Kb free=4650Kb
 bounds [0x00007f8980c08000, 0x00007f8980e78000, 0x00007f8981199000]
 total_blobs=591 nmethods=192 adapters=251
 compilation: enabled
              stopped_count=0, restarted_count=0
 full_count=0

Compilation events (10 events):
Event: 0,120 Thread 0x00007f8998225000  186       3       java.lang.invoke.MethodType$ConcurrentWeakInternSet$WeakEntry::<init> (14 bytes)
Event: 0,120 Thread 0x00007f8998225000 nmethod 186 0x00007f89811d3710 code [0x00007f89811d3900, 0x00007f89811d3da8]
Event: 0,120 Thread 0x00007f8998225000  189       3       java.lang.String::getBytes (44 bytes)
Event: 0,120 Thread 0x00007f8998225000 nmethod 189 0x00007f89811d3f10 code [0x00007f89811d4100, 0x00007f89811d4498]
Event: 0,120 Thread 0x00007f8998225000  188       1       java.lang.invoke.MethodTypeForm::erasedType (5 bytes)
Event: 0,120 Thread 0x00007f8998225000 nmethod 188 0x00007f89886ddd10 code [0x00007f89886ddec0, 0x00007f89886ddfd0]
Event: 0,123 Thread 0x00007f8998225000  191       3       java.util.Collections$UnmodifiableCollection$1::next (10 bytes)
Event: 0,123 Thread 0x00007f8998225000 nmethod 191 0x00007f89811d4610 code [0x00007f89811d47e0, 0x00007f89811d4a08]
Event: 0,123 Thread 0x00007f8998225000  192       1       java.nio.Buffer::position (5 bytes)
Event: 0,123 Thread 0x00007f8998225000 nmethod 192 0x00007f89886de010 code [0x00007f89886de1c0, 0x00007f89886de2d0]

GC Heap History (0 events):
No events

Deoptimization events (0 events):
No events

Classes redefined (0 events):
No events

Internal exceptions (5 events):
Event: 0,078 Thread 0x00007f8998010000 Exception <a 'java/lang/NoSuchMethodError'{0x00000007184260b0}: java.lang.invoke.DirectMethodHandle$Holder.invokeSpecial(Ljava/lang/Object;Ljava/lang/Object;Ljava/lang/Object;Ljava/lang/Object;)I> (0x00000007184260b0) thrown at [/opt/mach5/mesos/work_dir/
Event: 0,082 Thread 0x00007f8998010000 Exception <a 'java/lang/NoSuchMethodError'{0x0000000718437f78}: java.lang.invoke.DirectMethodHandle$Holder.invokeVirtual(Ljava/lang/Object;Ljava/lang/Object;)V> (0x0000000718437f78) thrown at [/opt/mach5/mesos/work_dir/slaves/fcf4c0c4-d73e-4321-860c-66134
Event: 0,122 Thread 0x00007f8998010000 Exception <a 'java/lang/ClassNotFoundException'{0x00000007184eeb60}: jdk/net/ExtendedSocketOptions> (0x00000007184eeb60) thrown at [/opt/mach5/mesos/work_dir/slaves/fcf4c0c4-d73e-4321-860c-6613427db92b-S2191/frameworks/1735e8a2-a1db-478c-8104-60c8b0af87dd
Event: 0,122 Thread 0x00007f8998010000 Exception <a 'java/net/BindException'{0x00000007184f0a80}> (0x00000007184f0a80) thrown at [/opt/mach5/mesos/work_dir/slaves/fcf4c0c4-d73e-4321-860c-6613427db92b-S2191/frameworks/1735e8a2-a1db-478c-8104-60c8b0af87dd-0196/executors/037f43f8-d614-4707-b4bb-5
Event: 0,124 Thread 0x00007f8998010000 Exception <a 'java/lang/NullPointerException'{0x0000000718300208}> (0x0000000718300208) thrown at [/opt/mach5/mesos/work_dir/slaves/fcf4c0c4-d73e-4321-860c-6613427db92b-S2191/frameworks/1735e8a2-a1db-478c-8104-60c8b0af87dd-0196/executors/037f43f8-d614-470

Events (10 events):
Event: 0,124 loading class java/io/ObjectOutputStream$ReplaceTable
Event: 0,124 loading class java/io/ObjectOutputStream$ReplaceTable done
Event: 0,124 loading class java/io/Bits
Event: 0,124 loading class java/io/Bits done
Event: 0,124 loading class java/util/IdentityHashMap$KeyIterator
Event: 0,124 loading class java/util/IdentityHashMap$IdentityHashMapIterator
Event: 0,124 loading class java/util/IdentityHashMap$IdentityHashMapIterator done
Event: 0,124 loading class java/util/IdentityHashMap$KeyIterator done
Event: 0,124 Thread 0x00007f8998010000 Thread exited: 0x00007f8998010000
Event: 0,124 Thread 0x00007f8998010000 Thread added: 0x00007f8998010000


Dynamic libraries:
00400000-00401000 r-xp 00000000 00:34 2764676767                         /usr/local/insa/jdk-11.0.5/bin/java
00600000-00601000 r--p 00000000 00:34 2764676767                         /usr/local/insa/jdk-11.0.5/bin/java
00601000-00602000 rw-p 00001000 00:34 2764676767                         /usr/local/insa/jdk-11.0.5/bin/java
02153000-02196000 rw-p 00000000 00:00 0                                  [heap]
708e00000-718600000 rw-p 00000000 00:00 0 
718600000-800000000 ---p 00000000 00:00 0 
800000000-8000c0000 rw-p 00000000 00:00 0 
8000c0000-840000000 ---p 00000000 00:00 0 
7f892c000000-7f892c021000 rw-p 00000000 00:00 0 
7f892c021000-7f8930000000 ---p 00000000 00:00 0 
7f8934000000-7f8934021000 rw-p 00000000 00:00 0 
7f8934021000-7f8938000000 ---p 00000000 00:00 0 
7f8938000000-7f8938021000 rw-p 00000000 00:00 0 
7f8938021000-7f893c000000 ---p 00000000 00:00 0 
7f893c000000-7f893c021000 rw-p 00000000 00:00 0 
7f893c021000-7f8940000000 ---p 00000000 00:00 0 
7f8940000000-7f8940021000 rw-p 00000000 00:00 0 
7f8940021000-7f8944000000 ---p 00000000 00:00 0 
7f8944000000-7f89441c4000 rw-p 00000000 00:00 0 
7f89441c4000-7f8948000000 ---p 00000000 00:00 0 
7f8948000000-7f89480d9000 rw-p 00000000 00:00 0 
7f89480d9000-7f894c000000 ---p 00000000 00:00 0 
7f894c000000-7f894c021000 rw-p 00000000 00:00 0 
7f894c021000-7f8950000000 ---p 00000000 00:00 0 
7f895272f000-7f8952733000 ---p 00000000 00:00 0 
7f8952733000-7f8952830000 rw-p 00000000 00:00 0 
7f8952830000-7f8953200000 r--s 00000000 08:06 8541892                    /var/cache/nscd/hosts
7f8953200000-7f8953201000 ---p 00000000 00:00 0 
7f8953201000-7f8953302000 rw-p 00000000 00:00 0 
7f8953302000-7f8953306000 ---p 00000000 00:00 0 
7f8953306000-7f8953403000 rw-p 00000000 00:00 0 
7f8953403000-7f8953407000 ---p 00000000 00:00 0 
7f8953407000-7f8953504000 rw-p 00000000 00:00 0 
7f8953504000-7f895351b000 r-xp 00000000 00:34 2764202891                 /usr/local/insa/jdk-11.0.5/lib/libnet.so
7f895351b000-7f895371a000 ---p 00017000 00:34 2764202891                 /usr/local/insa/jdk-11.0.5/lib/libnet.so
7f895371a000-7f895371b000 r--p 00016000 00:34 2764202891                 /usr/local/insa/jdk-11.0.5/lib/libnet.so
7f895371b000-7f895371c000 rw-p 00017000 00:34 2764202891                 /usr/local/insa/jdk-11.0.5/lib/libnet.so
7f895371c000-7f895372c000 r-xp 00000000 00:34 2764202892                 /usr/local/insa/jdk-11.0.5/lib/libnio.so
7f895372c000-7f895392b000 ---p 00010000 00:34 2764202892                 /usr/local/insa/jdk-11.0.5/lib/libnio.so
7f895392b000-7f895392c000 r--p 0000f000 00:34 2764202892                 /usr/local/insa/jdk-11.0.5/lib/libnio.so
7f895392c000-7f895392d000 rw-p 00010000 00:34 2764202892                 /usr/local/insa/jdk-11.0.5/lib/libnio.so
7f895392d000-7f8953931000 ---p 00000000 00:00 0 
7f8953931000-7f8953a2e000 rw-p 00000000 00:00 0 
7f8953a2e000-7f8953a32000 ---p 00000000 00:00 0 
7f8953a32000-7f8953b2f000 rw-p 00000000 00:00 0 
7f8953b2f000-7f8953b33000 ---p 00000000 00:00 0 
7f8953b33000-7f8953c30000 rw-p 00000000 00:00 0 
7f8953c30000-7f8953c34000 ---p 00000000 00:00 0 
7f8953c34000-7f8953d31000 rw-p 00000000 00:00 0 
7f8953d31000-7f8954000000 r--p 00000000 08:06 5388481                    /usr/lib/locale/locale-archive
7f8954000000-7f8954021000 rw-p 00000000 00:00 0 
7f8954021000-7f8958000000 ---p 00000000 00:00 0 
7f8958000000-7f8958021000 rw-p 00000000 00:00 0 
7f8958021000-7f895c000000 ---p 00000000 00:00 0 
7f895c000000-7f895c021000 rw-p 00000000 00:00 0 
7f895c021000-7f8960000000 ---p 00000000 00:00 0 
7f8960000000-7f8960021000 rw-p 00000000 00:00 0 
7f8960021000-7f8964000000 ---p 00000000 00:00 0 
7f8964000000-7f8964021000 rw-p 00000000 00:00 0 
7f8964021000-7f8968000000 ---p 00000000 00:00 0 
7f8968000000-7f8968021000 rw-p 00000000 00:00 0 
7f8968021000-7f896c000000 ---p 00000000 00:00 0 
7f896c000000-7f896c021000 rw-p 00000000 00:00 0 
7f896c021000-7f8970000000 ---p 00000000 00:00 0 
7f897006e000-7f8970072000 ---p 00000000 00:00 0 
7f8970072000-7f897016f000 rw-p 00000000 00:00 0 
7f897016f000-7f8970173000 ---p 00000000 00:00 0 
7f8970173000-7f8970270000 rw-p 00000000 00:00 0 
7f8970270000-7f8970271000 ---p 00000000 00:00 0 
7f8970271000-7f8970a33000 rw-p 00000000 00:00 0 
7f8970a33000-7f8970bf3000 ---p 00000000 00:00 0 
7f8970bf3000-7f8970bf4000 ---p 00000000 00:00 0 
7f8970bf4000-7f8970cf5000 rw-p 00000000 00:00 0 
7f8970cf5000-7f8970cf6000 ---p 00000000 00:00 0 
7f8970cf6000-7f89738de000 rw-p 00000000 00:00 0 
7f89738de000-7f89772c6000 ---p 00000000 00:00 0 
7f89772c6000-7f89776a6000 rw-p 00000000 00:00 0 
7f89776a6000-7f897b08e000 ---p 00000000 00:00 0 
7f897b08e000-7f897b10a000 rw-p 00000000 00:00 0 
7f897b10a000-7f897b847000 ---p 00000000 00:00 0 
7f897b847000-7f897b8c3000 rw-p 00000000 00:00 0 
7f897b8c3000-7f897c000000 ---p 00000000 00:00 0 
7f897c000000-7f897c021000 rw-p 00000000 00:00 0 
7f897c021000-7f8980000000 ---p 00000000 00:00 0 
7f898004a000-7f898034d000 rw-p 00000000 00:00 0 
7f898034d000-7f898034e000 ---p 00000000 00:00 0 
7f898034e000-7f89804cb000 rw-p 00000000 00:00 0 
7f89804cb000-7f8980c08000 ---p 00000000 00:00 0 
7f8980c08000-7f8980e78000 rwxp 00000000 00:00 0 
7f8980e78000-7f8981199000 ---p 00000000 00:00 0 
7f8981199000-7f8981409000 rwxp 00000000 00:00 0 
7f8981409000-7f89886d0000 ---p 00000000 00:00 0 
7f89886d0000-7f8988940000 rwxp 00000000 00:00 0 
7f8988940000-7f898fc08000 ---p 00000000 00:00 0 
7f898fc08000-7f8998000000 r--s 00000000 00:34 2763783534                 /usr/local/insa/jdk-11.0.5/lib/modules
7f8998000000-7f899837c000 rw-p 00000000 00:00 0 
7f899837c000-7f899c000000 ---p 00000000 00:00 0 
7f899c016000-7f899c03c000 r--p 00000000 08:06 431                        /usr/share/locale-langpack/fr/LC_MESSAGES/libc.mo
7f899c03c000-7f899c06d000 rw-p 00000000 00:00 0 
7f899c06d000-7f899c06e000 ---p 00000000 00:00 0 
7f899c06e000-7f899cc78000 rw-p 00000000 00:00 0 
7f899cc78000-7f899cc79000 ---p 00000000 00:00 0 
7f899cc79000-7f899cd7f000 rw-p 00000000 00:00 0 
7f899cd7f000-7f899ce65000 ---p 00000000 00:00 0 
7f899ce65000-7f899ce6a000 rw-p 00000000 00:00 0 
7f899ce6a000-7f899cf50000 ---p 00000000 00:00 0 
7f899cf50000-7f899cf6b000 r-xp 00000000 00:34 2764202883                 /usr/local/insa/jdk-11.0.5/lib/libjimage.so
7f899cf6b000-7f899d16a000 ---p 0001b000 00:34 2764202883                 /usr/local/insa/jdk-11.0.5/lib/libjimage.so
7f899d16a000-7f899d16c000 r--p 0001a000 00:34 2764202883                 /usr/local/insa/jdk-11.0.5/lib/libjimage.so
7f899d16c000-7f899d16d000 rw-p 0001c000 00:34 2764202883                 /usr/local/insa/jdk-11.0.5/lib/libjimage.so
7f899d16d000-7f899d174000 r-xp 00000000 00:34 2763783533                 /usr/local/insa/jdk-11.0.5/lib/libzip.so
7f899d174000-7f899d373000 ---p 00007000 00:34 2763783533                 /usr/local/insa/jdk-11.0.5/lib/libzip.so
7f899d373000-7f899d374000 r--p 00006000 00:34 2763783533                 /usr/local/insa/jdk-11.0.5/lib/libzip.so
7f899d374000-7f899d375000 rw-p 00007000 00:34 2763783533                 /usr/local/insa/jdk-11.0.5/lib/libzip.so
7f899d375000-7f899dd45000 r--s 00000000 08:06 8520473                    /var/cache/nscd/passwd
7f899dd45000-7f899dd6e000 r-xp 00000000 00:34 2763239675                 /usr/local/insa/jdk-11.0.5/lib/libjava.so
7f899dd6e000-7f899df6d000 ---p 00029000 00:34 2763239675                 /usr/local/insa/jdk-11.0.5/lib/libjava.so
7f899df6d000-7f899df6e000 r--p 00028000 00:34 2763239675                 /usr/local/insa/jdk-11.0.5/lib/libjava.so
7f899df6e000-7f899df70000 rw-p 00029000 00:34 2763239675                 /usr/local/insa/jdk-11.0.5/lib/libjava.so
7f899df70000-7f899df7d000 r-xp 00000000 00:34 2763783532                 /usr/local/insa/jdk-11.0.5/lib/libverify.so
7f899df7d000-7f899e17c000 ---p 0000d000 00:34 2763783532                 /usr/local/insa/jdk-11.0.5/lib/libverify.so
7f899e17c000-7f899e17e000 r--p 0000c000 00:34 2763783532                 /usr/local/insa/jdk-11.0.5/lib/libverify.so
7f899e17e000-7f899e17f000 rw-p 0000e000 00:34 2763783532                 /usr/local/insa/jdk-11.0.5/lib/libverify.so
7f899e17f000-7f899e186000 r-xp 00000000 08:06 6422625                    /lib/x86_64-linux-gnu/librt-2.27.so
7f899e186000-7f899e385000 ---p 00007000 08:06 6422625                    /lib/x86_64-linux-gnu/librt-2.27.so
7f899e385000-7f899e386000 r--p 00006000 08:06 6422625                    /lib/x86_64-linux-gnu/librt-2.27.so
7f899e386000-7f899e387000 rw-p 00007000 08:06 6422625                    /lib/x86_64-linux-gnu/librt-2.27.so
7f899e387000-7f899e524000 r-xp 00000000 08:06 6422556                    /lib/x86_64-linux-gnu/libm-2.27.so
7f899e524000-7f899e723000 ---p 0019d000 08:06 6422556                    /lib/x86_64-linux-gnu/libm-2.27.so
7f899e723000-7f899e724000 r--p 0019c000 08:06 6422556                    /lib/x86_64-linux-gnu/libm-2.27.so
7f899e724000-7f899e725000 rw-p 0019d000 08:06 6422556                    /lib/x86_64-linux-gnu/libm-2.27.so
7f899e725000-7f899f866000 r-xp 00000000 00:34 2763307855                 /usr/local/insa/jdk-11.0.5/lib/server/libjvm.so
7f899f866000-7f899fa66000 ---p 01141000 00:34 2763307855                 /usr/local/insa/jdk-11.0.5/lib/server/libjvm.so
7f899fa66000-7f899fb25000 r--p 01141000 00:34 2763307855                 /usr/local/insa/jdk-11.0.5/lib/server/libjvm.so
7f899fb25000-7f899fb5e000 rw-p 01200000 00:34 2763307855                 /usr/local/insa/jdk-11.0.5/lib/server/libjvm.so
7f899fb5e000-7f899fbb5000 rw-p 00000000 00:00 0 
7f899fbb5000-7f899fd9c000 r-xp 00000000 08:06 6422646                    /lib/x86_64-linux-gnu/libc-2.27.so
7f899fd9c000-7f899ff9c000 ---p 001e7000 08:06 6422646                    /lib/x86_64-linux-gnu/libc-2.27.so
7f899ff9c000-7f899ffa0000 r--p 001e7000 08:06 6422646                    /lib/x86_64-linux-gnu/libc-2.27.so
7f899ffa0000-7f899ffa2000 rw-p 001eb000 08:06 6422646                    /lib/x86_64-linux-gnu/libc-2.27.so
7f899ffa2000-7f899ffa6000 rw-p 00000000 00:00 0 
7f899ffa6000-7f899ffa9000 r-xp 00000000 08:06 6422632                    /lib/x86_64-linux-gnu/libdl-2.27.so
7f899ffa9000-7f89a01a8000 ---p 00003000 08:06 6422632                    /lib/x86_64-linux-gnu/libdl-2.27.so
7f89a01a8000-7f89a01a9000 r--p 00002000 08:06 6422632                    /lib/x86_64-linux-gnu/libdl-2.27.so
7f89a01a9000-7f89a01aa000 rw-p 00003000 08:06 6422632                    /lib/x86_64-linux-gnu/libdl-2.27.so
7f89a01aa000-7f89a01ba000 r-xp 00000000 00:34 2763486986                 /usr/local/insa/jdk-11.0.5/lib/jli/libjli.so
7f89a01ba000-7f89a03b9000 ---p 00010000 00:34 2763486986                 /usr/local/insa/jdk-11.0.5/lib/jli/libjli.so
7f89a03b9000-7f89a03ba000 r--p 0000f000 00:34 2763486986                 /usr/local/insa/jdk-11.0.5/lib/jli/libjli.so
7f89a03ba000-7f89a03bb000 rw-p 00010000 00:34 2763486986                 /usr/local/insa/jdk-11.0.5/lib/jli/libjli.so
7f89a03bb000-7f89a03d5000 r-xp 00000000 08:06 6422555                    /lib/x86_64-linux-gnu/libpthread-2.27.so
7f89a03d5000-7f89a05d4000 ---p 0001a000 08:06 6422555                    /lib/x86_64-linux-gnu/libpthread-2.27.so
7f89a05d4000-7f89a05d5000 r--p 00019000 08:06 6422555                    /lib/x86_64-linux-gnu/libpthread-2.27.so
7f89a05d5000-7f89a05d6000 rw-p 0001a000 08:06 6422555                    /lib/x86_64-linux-gnu/libpthread-2.27.so
7f89a05d6000-7f89a05da000 rw-p 00000000 00:00 0 
7f89a05da000-7f89a05f6000 r-xp 00000000 08:06 6422549                    /lib/x86_64-linux-gnu/libz.so.1.2.11
7f89a05f6000-7f89a07f5000 ---p 0001c000 08:06 6422549                    /lib/x86_64-linux-gnu/libz.so.1.2.11
7f89a07f5000-7f89a07f6000 r--p 0001b000 08:06 6422549                    /lib/x86_64-linux-gnu/libz.so.1.2.11
7f89a07f6000-7f89a07f7000 rw-p 0001c000 08:06 6422549                    /lib/x86_64-linux-gnu/libz.so.1.2.11
7f89a07f7000-7f89a081e000 r-xp 00000000 08:06 6422661                    /lib/x86_64-linux-gnu/ld-2.27.so
7f89a0833000-7f89a083a000 r--s 00000000 08:06 5376774                    /usr/lib/x86_64-linux-gnu/gconv/gconv-modules.cache
7f89a083a000-7f89a08de000 rw-p 00000000 00:00 0 
7f89a08de000-7f89a08e2000 ---p 00000000 00:00 0 
7f89a08e2000-7f89a09e1000 rw-p 00000000 00:00 0 
7f89a09e5000-7f89a0a0b000 rw-p 00000000 00:00 0 
7f89a0a0b000-7f89a0a12000 ---p 00000000 00:00 0 
7f89a0a12000-7f89a0a1a000 rw-s 00000000 08:06 5111936                    /tmp/hsperfdata_p_rousse/3013
7f89a0a1a000-7f89a0a1b000 ---p 00000000 00:00 0 
7f89a0a1b000-7f89a0a1c000 r--p 00000000 00:00 0 
7f89a0a1c000-7f89a0a1e000 rw-p 00000000 00:00 0 
7f89a0a1e000-7f89a0a1f000 r--p 00027000 08:06 6422661                    /lib/x86_64-linux-gnu/ld-2.27.so
7f89a0a1f000-7f89a0a20000 rw-p 00028000 08:06 6422661                    /lib/x86_64-linux-gnu/ld-2.27.so
7f89a0a20000-7f89a0a21000 rw-p 00000000 00:00 0 
7fff85afa000-7fff85b1b000 rw-p 00000000 00:00 0                          [stack]
7fff85bde000-7fff85be1000 r--p 00000000 00:00 0                          [vvar]
7fff85be1000-7fff85be2000 r-xp 00000000 00:00 0                          [vdso]
ffffffffff600000-ffffffffff601000 --xp 00000000 00:00 0                  [vsyscall]


VM Arguments:
jvm_args: -Dfile.encoding=UTF-8 --module-path=/home/p_rousse/Documents/chatsystem/bin -Djdk.module.main=ChatSystem 
java_command: ChatSystem/src.ChatSystem
java_class_path (initial): <not set>
Launcher Type: SUN_STANDARD

[Global flags]
     intx CICompilerCount                          = 4                                         {product} {ergonomic}
     uint ConcGCThreads                            = 3                                         {product} {ergonomic}
     uint G1ConcRefinementThreads                  = 10                                        {product} {ergonomic}
   size_t G1HeapRegionSize                         = 1048576                                   {product} {ergonomic}
    uintx GCDrainStackTargetSize                   = 64                                        {product} {ergonomic}
   size_t InitialHeapSize                          = 260046848                                 {product} {ergonomic}
   size_t MarkStackSize                            = 4194304                                   {product} {ergonomic}
   size_t MaxHeapSize                              = 4146069504                                {product} {ergonomic}
   size_t MaxNewSize                               = 2487222272                                {product} {ergonomic}
   size_t MinHeapDeltaBytes                        = 1048576                                   {product} {ergonomic}
    uintx NonNMethodCodeHeapSize                   = 5836300                                {pd product} {ergonomic}
    uintx NonProfiledCodeHeapSize                  = 122910970                              {pd product} {ergonomic}
    uintx ProfiledCodeHeapSize                     = 122910970                              {pd product} {ergonomic}
    uintx ReservedCodeCacheSize                    = 251658240                              {pd product} {ergonomic}
     bool SegmentedCodeCache                       = true                                      {product} {ergonomic}
     bool UseCompressedClassPointers               = true                                 {lp64_product} {ergonomic}
     bool UseCompressedOops                        = true                                 {lp64_product} {ergonomic}
     bool UseG1GC                                  = true                                      {product} {ergonomic}

Logging:
Log output configuration:
 #0: stdout all=warning uptime,level,tags
 #1: stderr all=off uptime,level,tags

Environment Variables:
PATH=/home/commetud/GEI/OCaml/.opam/4.08.1/bin:/usr/local/insa/shared/opam/system/bin:/usr/local/insa/arm-ada/compilateur/gcc-arm-none-eabi/bin:/usr/local/insa/anaconda/bin:/usr/local/insa/bin:/usr/local/insa/sbin:/usr/local/sbin:/usr/local/bin:/usr/sbin:/usr/bin:/sbin:/bin:/usr/games:/usr/local/games:/usr/local/insa/tina/bin:/snap/bin
LD_LIBRARY_PATH=/usr/local/insa/lib:$LD_LIBRARY_PATH
SHELL=/bin/bash
DISPLAY=:0

Signal Handlers:
SIGSEGV: [libjvm.so+0xe2d360], sa_mask[0]=11111111011111111101111111111110, sa_flags=SA_RESTART|SA_SIGINFO
SIGBUS: [libjvm.so+0xe2d360], sa_mask[0]=11111111011111111101111111111110, sa_flags=SA_RESTART|SA_SIGINFO
SIGFPE: [libjvm.so+0xe2d360], sa_mask[0]=11111111011111111101111111111110, sa_flags=SA_RESTART|SA_SIGINFO
SIGPIPE: [libjvm.so+0xc00e80], sa_mask[0]=11111111011111111101111111111110, sa_flags=SA_RESTART|SA_SIGINFO
SIGXFSZ: [libjvm.so+0xc00e80], sa_mask[0]=11111111011111111101111111111110, sa_flags=SA_RESTART|SA_SIGINFO
SIGILL: [libjvm.so+0xe2d360], sa_mask[0]=11111111011111111101111111111110, sa_flags=SA_RESTART|SA_SIGINFO
SIGUSR2: [libjvm.so+0xc00d20], sa_mask[0]=00100000000000000000000000000000, sa_flags=SA_RESTART|SA_SIGINFO
SIGHUP: [libjvm.so+0xc01080], sa_mask[0]=11111111011111111101111111111110, sa_flags=SA_RESTART|SA_SIGINFO
SIGINT: [libjvm.so+0xc01080], sa_mask[0]=11111111011111111101111111111110, sa_flags=SA_RESTART|SA_SIGINFO
SIGTERM: [libjvm.so+0xc01080], sa_mask[0]=11111111011111111101111111111110, sa_flags=SA_RESTART|SA_SIGINFO
SIGQUIT: [libjvm.so+0xc01080], sa_mask[0]=11111111011111111101111111111110, sa_flags=SA_RESTART|SA_SIGINFO


---------------  S Y S T E M  ---------------

OS:DISTRIB_ID=Ubuntu
DISTRIB_RELEASE=18.04
DISTRIB_CODENAME=bionic
DISTRIB_DESCRIPTION="Ubuntu 18.04.3 LTS"
uname:Linux 5.3.0-23-generic #25~18.04.2-Ubuntu SMP Thu Nov 21 22:27:50 UTC 2019 x86_64
libc:glibc 2.27 NPTL 2.27 
rlimit: STACK 8192k, CORE 0k, NPROC 62962, NOFILE 1048576, AS infinity, DATA infinity, FSIZE infinity
load average:0,07 0,18 0,17

/proc/meminfo:
MemTotal:       16187520 kB
MemFree:        13895808 kB
MemAvailable:   14340040 kB
Buffers:           62792 kB
Cached:           642380 kB
SwapCached:            0 kB
Active:          1600668 kB
Inactive:         450056 kB
Active(anon):    1347512 kB
Inactive(anon):    26232 kB
Active(file):     253156 kB
Inactive(file):   423824 kB
Unevictable:         660 kB
Mlocked:             144 kB
SwapTotal:       9215996 kB
SwapFree:        9215996 kB
Dirty:                60 kB
Writeback:             0 kB
AnonPages:       1346184 kB
Mapped:           294016 kB
Shmem:             28188 kB
KReclaimable:      49488 kB
Slab:             103528 kB
SReclaimable:      49488 kB
SUnreclaim:        54040 kB
KernelStack:        9888 kB
PageTables:        34092 kB
NFS_Unstable:          0 kB
Bounce:                0 kB
WritebackTmp:          0 kB
CommitLimit:    17309756 kB
Committed_AS:    4303544 kB
VmallocTotal:   34359738367 kB
VmallocUsed:       37168 kB
VmallocChunk:          0 kB
Percpu:             4800 kB
HardwareCorrupted:     0 kB
AnonHugePages:         0 kB
ShmemHugePages:        0 kB
ShmemPmdMapped:        0 kB
CmaTotal:              0 kB
CmaFree:               0 kB
HugePages_Total:       0
HugePages_Free:        0
HugePages_Rsvd:        0
HugePages_Surp:        0
Hugepagesize:       2048 kB
Hugetlb:               0 kB
DirectMap4k:      174776 kB
DirectMap2M:     4859904 kB
DirectMap1G:    11534336 kB


/proc/sys/kernel/threads-max (system-wide limit on the number of threads):
125924


/proc/sys/vm/max_map_count (maximum number of memory map areas a process may have):
65530


/proc/sys/kernel/pid_max (system-wide limit on number of process identifiers):
32768



container (cgroup) information:
container_type: cgroupv1
cpu_cpuset_cpus: 0-11
cpu_memory_nodes: 0
active_processor_count: 12
cpu_quota: -1
cpu_period: 100000
cpu_shares: -1
memory_limit_in_bytes: -1
memory_and_swap_limit_in_bytes: -2
memory_soft_limit_in_bytes: -1
memory_usage_in_bytes: 2101125120
memory_max_usage_in_bytes: 0


CPU:total 12 (initial active 12) (6 cores per cpu, 2 threads per core) family 6 model 158 stepping 10, cmov, cx8, fxsr, mmx, sse, sse2, sse3, ssse3, sse4.1, sse4.2, popcnt, avx, avx2, aes, clmul, erms, rtm, 3dnowpref, lzcnt, ht, tsc, tscinvbit, bmi1, bmi2, adx, fma
CPU Model and flags from /proc/cpuinfo:
model name	: Intel(R) Core(TM) i7-8700 CPU @ 3.20GHz
flags		: fpu vme de pse tsc msr pae mce cx8 apic sep mtrr pge mca cmov pat pse36 clflush dts acpi mmx fxsr sse sse2 ss ht tm pbe syscall nx pdpe1gb rdtscp lm constant_tsc art arch_perfmon pebs bts rep_good nopl xtopology nonstop_tsc cpuid aperfmperf pni pclmulqdq dtes64 monitor ds_cpl vmx smx est tm2 ssse3 sdbg fma cx16 xtpr pdcm pcid sse4_1 sse4_2 x2apic movbe popcnt tsc_deadline_timer aes xsave avx f16c rdrand lahf_lm abm 3dnowprefetch cpuid_fault epb invpcid_single pti ssbd ibrs ibpb stibp tpr_shadow vnmi flexpriority ept vpid ept_ad fsgsbase tsc_adjust bmi1 hle avx2 smep bmi2 erms invpcid rtm mpx rdseed adx smap clflushopt intel_pt xsaveopt xsavec xgetbv1 xsaves dtherm ida arat pln pts hwp hwp_notify hwp_act_window hwp_epp md_clear flush_l1d

Memory: 4k page, physical 16187520k(13895808k free), swap 9215996k(9215996k free)

vm_info: Java HotSpot(TM) 64-Bit Server VM (11.0.5+10-LTS) for linux-amd64 JRE (11.0.5+10-LTS), built on Oct  6 2019 11:44:08 by "mach5one" with gcc 7.3.0

END.
